{"D:\\portofolio\\latihan\\mini-projek\\login-logout\\integration-test\\utils.js": {"path":"D:\\portofolio\\latihan\\mini-projek\\login-logout\\integration-test\\utils.js","statementMap":{"0":{"start":{"line":4,"column":15},"end":{"line":29,"column":1}},"1":{"start":{"line":5,"column":18},"end":{"line":11,"column":4}},"2":{"start":{"line":13,"column":2},"end":{"line":28,"column":5}},"3":{"start":{"line":31,"column":22},"end":{"line":37,"column":1}},"4":{"start":{"line":32,"column":2},"end":{"line":36,"column":5}},"5":{"start":{"line":39,"column":19},"end":{"line":45,"column":1}},"6":{"start":{"line":40,"column":2},"end":{"line":44,"column":5}}},"fnMap":{"0":{"name":"(anonymous_0)","decl":{"start":{"line":4,"column":15},"end":{"line":4,"column":16}},"loc":{"start":{"line":4,"column":27},"end":{"line":29,"column":1}},"line":4},"1":{"name":"(anonymous_1)","decl":{"start":{"line":31,"column":22},"end":{"line":31,"column":23}},"loc":{"start":{"line":31,"column":41},"end":{"line":37,"column":1}},"line":31},"2":{"name":"(anonymous_2)","decl":{"start":{"line":39,"column":19},"end":{"line":39,"column":20}},"loc":{"start":{"line":39,"column":38},"end":{"line":45,"column":1}},"line":39}},"branchMap":{},"s":{"0":1,"1":1,"2":1,"3":1,"4":2,"5":1,"6":2},"f":{"0":1,"1":2,"2":2},"b":{},"_coverageSchema":"1a1c01bbd47fc00a2c39e90264f33305004495a9","hash":"d63c1bc28f491bec585e9644a61821fd3a38bc28"}
,"D:\\portofolio\\latihan\\mini-projek\\login-logout\\src\\application\\database.js": {"path":"D:\\portofolio\\latihan\\mini-projek\\login-logout\\src\\application\\database.js","statementMap":{"0":{"start":{"line":4,"column":28},"end":{"line":23,"column":2}},"1":{"start":{"line":25,"column":0},"end":{"line":27,"column":3}},"2":{"start":{"line":26,"column":2},"end":{"line":26,"column":18}},"3":{"start":{"line":29,"column":0},"end":{"line":31,"column":3}},"4":{"start":{"line":30,"column":2},"end":{"line":30,"column":17}},"5":{"start":{"line":33,"column":0},"end":{"line":35,"column":3}},"6":{"start":{"line":34,"column":2},"end":{"line":34,"column":17}},"7":{"start":{"line":37,"column":0},"end":{"line":39,"column":3}},"8":{"start":{"line":38,"column":2},"end":{"line":38,"column":17}}},"fnMap":{"0":{"name":"(anonymous_0)","decl":{"start":{"line":25,"column":26},"end":{"line":25,"column":27}},"loc":{"start":{"line":25,"column":33},"end":{"line":27,"column":1}},"line":25},"1":{"name":"(anonymous_1)","decl":{"start":{"line":29,"column":25},"end":{"line":29,"column":26}},"loc":{"start":{"line":29,"column":32},"end":{"line":31,"column":1}},"line":29},"2":{"name":"(anonymous_2)","decl":{"start":{"line":33,"column":25},"end":{"line":33,"column":26}},"loc":{"start":{"line":33,"column":32},"end":{"line":35,"column":1}},"line":33},"3":{"name":"(anonymous_3)","decl":{"start":{"line":37,"column":26},"end":{"line":37,"column":27}},"loc":{"start":{"line":37,"column":33},"end":{"line":39,"column":1}},"line":37}},"branchMap":{},"s":{"0":1,"1":1,"2":0,"3":1,"4":0,"5":1,"6":1,"7":1,"8":36},"f":{"0":0,"1":0,"2":1,"3":36},"b":{},"_coverageSchema":"1a1c01bbd47fc00a2c39e90264f33305004495a9","hash":"0c885e5e384161a99d40a4b58c1349d32758e28c"}
,"D:\\portofolio\\latihan\\mini-projek\\login-logout\\src\\application\\logging.js": {"path":"D:\\portofolio\\latihan\\mini-projek\\login-logout\\src\\application\\logging.js","statementMap":{"0":{"start":{"line":3,"column":22},"end":{"line":7,"column":2}}},"fnMap":{},"branchMap":{},"s":{"0":1},"f":{},"b":{},"_coverageSchema":"1a1c01bbd47fc00a2c39e90264f33305004495a9","hash":"033874a4170496c247133360c23320d348ad4b87"}
,"D:\\portofolio\\latihan\\mini-projek\\login-logout\\src\\application\\web.js": {"path":"D:\\portofolio\\latihan\\mini-projek\\login-logout\\src\\application\\web.js","statementMap":{"0":{"start":{"line":6,"column":19},"end":{"line":6,"column":28}},"1":{"start":{"line":7,"column":0},"end":{"line":7,"column":16}},"2":{"start":{"line":8,"column":0},"end":{"line":8,"column":24}},"3":{"start":{"line":9,"column":0},"end":{"line":9,"column":21}},"4":{"start":{"line":10,"column":0},"end":{"line":10,"column":25}}},"fnMap":{},"branchMap":{},"s":{"0":1,"1":1,"2":1,"3":1,"4":1},"f":{},"b":{},"_coverageSchema":"1a1c01bbd47fc00a2c39e90264f33305004495a9","hash":"883929ee4610c97b07a76f516ae04098a934fd36"}
,"D:\\portofolio\\latihan\\mini-projek\\login-logout\\src\\controller\\user-controller.js": {"path":"D:\\portofolio\\latihan\\mini-projek\\login-logout\\src\\controller\\user-controller.js","statementMap":{"0":{"start":{"line":4,"column":19},"end":{"line":13,"column":1}},"1":{"start":{"line":5,"column":2},"end":{"line":12,"column":3}},"2":{"start":{"line":6,"column":19},"end":{"line":6,"column":57}},"3":{"start":{"line":7,"column":4},"end":{"line":9,"column":7}},"4":{"start":{"line":11,"column":4},"end":{"line":11,"column":16}}},"fnMap":{"0":{"name":"(anonymous_0)","decl":{"start":{"line":4,"column":19},"end":{"line":4,"column":20}},"loc":{"start":{"line":4,"column":45},"end":{"line":13,"column":1}},"line":4}},"branchMap":{},"s":{"0":1,"1":3,"2":3,"3":1,"4":2},"f":{"0":3},"b":{},"_coverageSchema":"1a1c01bbd47fc00a2c39e90264f33305004495a9","hash":"2f9c78e3fdebe706bd5fcde24fdcbd6189c7f933"}
,"D:\\portofolio\\latihan\\mini-projek\\login-logout\\src\\error\\response-error.js": {"path":"D:\\portofolio\\latihan\\mini-projek\\login-logout\\src\\error\\response-error.js","statementMap":{"0":{"start":{"line":3,"column":4},"end":{"line":3,"column":19}},"1":{"start":{"line":4,"column":4},"end":{"line":4,"column":25}}},"fnMap":{"0":{"name":"(anonymous_0)","decl":{"start":{"line":2,"column":2},"end":{"line":2,"column":3}},"loc":{"start":{"line":2,"column":31},"end":{"line":5,"column":3}},"line":2}},"branchMap":{},"s":{"0":2,"1":2},"f":{"0":2},"b":{},"_coverageSchema":"1a1c01bbd47fc00a2c39e90264f33305004495a9","hash":"cebcfcf54bfd3fdb92ee572d9bbbc5315c382f2c"}
,"D:\\portofolio\\latihan\\mini-projek\\login-logout\\src\\middleware\\error-middleware.js": {"path":"D:\\portofolio\\latihan\\mini-projek\\login-logout\\src\\middleware\\error-middleware.js","statementMap":{"0":{"start":{"line":3,"column":31},"end":{"line":19,"column":1}},"1":{"start":{"line":4,"column":2},"end":{"line":7,"column":3}},"2":{"start":{"line":5,"column":4},"end":{"line":5,"column":11}},"3":{"start":{"line":6,"column":4},"end":{"line":6,"column":11}},"4":{"start":{"line":9,"column":2},"end":{"line":18,"column":3}},"5":{"start":{"line":10,"column":4},"end":{"line":12,"column":7}},"6":{"start":{"line":14,"column":4},"end":{"line":17,"column":7}}},"fnMap":{"0":{"name":"(anonymous_0)","decl":{"start":{"line":3,"column":31},"end":{"line":3,"column":32}},"loc":{"start":{"line":3,"column":56},"end":{"line":19,"column":1}},"line":3}},"branchMap":{"0":{"loc":{"start":{"line":4,"column":2},"end":{"line":7,"column":3}},"type":"if","locations":[{"start":{"line":4,"column":2},"end":{"line":7,"column":3}},{"start":{},"end":{}}],"line":4},"1":{"loc":{"start":{"line":9,"column":2},"end":{"line":18,"column":3}},"type":"if","locations":[{"start":{"line":9,"column":2},"end":{"line":18,"column":3}},{"start":{"line":13,"column":9},"end":{"line":18,"column":3}}],"line":9}},"s":{"0":1,"1":2,"2":0,"3":0,"4":2,"5":2,"6":0},"f":{"0":2},"b":{"0":[0,2],"1":[2,0]},"_coverageSchema":"1a1c01bbd47fc00a2c39e90264f33305004495a9","hash":"86025a80ee56be756dcd3423b7444eec09c1b419"}
,"D:\\portofolio\\latihan\\mini-projek\\login-logout\\src\\route\\public-route.js": {"path":"D:\\portofolio\\latihan\\mini-projek\\login-logout\\src\\route\\public-route.js","statementMap":{"0":{"start":{"line":4,"column":27},"end":{"line":4,"column":43}},"1":{"start":{"line":5,"column":0},"end":{"line":5,"column":67}}},"fnMap":{},"branchMap":{},"s":{"0":1,"1":1},"f":{},"b":{},"_coverageSchema":"1a1c01bbd47fc00a2c39e90264f33305004495a9","hash":"97e61a885373f7e4f2693e452b02e7e643d2dccc"}
,"D:\\portofolio\\latihan\\mini-projek\\login-logout\\src\\service\\user-service.js": {"path":"D:\\portofolio\\latihan\\mini-projek\\login-logout\\src\\service\\user-service.js","statementMap":{"0":{"start":{"line":7,"column":19},"end":{"line":56,"column":1}},"1":{"start":{"line":8,"column":2},"end":{"line":8,"column":52}},"2":{"start":{"line":10,"column":64},"end":{"line":10,"column":71}},"3":{"start":{"line":12,"column":30},"end":{"line":16,"column":4}},"4":{"start":{"line":18,"column":2},"end":{"line":20,"column":3}},"5":{"start":{"line":19,"column":4},"end":{"line":19,"column":55}},"6":{"start":{"line":22,"column":2},"end":{"line":22,"column":61}},"7":{"start":{"line":24,"column":18},"end":{"line":33,"column":4}},"8":{"start":{"line":35,"column":2},"end":{"line":55,"column":5}}},"fnMap":{"0":{"name":"(anonymous_0)","decl":{"start":{"line":7,"column":19},"end":{"line":7,"column":20}},"loc":{"start":{"line":7,"column":38},"end":{"line":56,"column":1}},"line":7}},"branchMap":{"0":{"loc":{"start":{"line":18,"column":2},"end":{"line":20,"column":3}},"type":"if","locations":[{"start":{"line":18,"column":2},"end":{"line":20,"column":3}},{"start":{},"end":{}}],"line":18}},"s":{"0":1,"1":3,"2":2,"3":2,"4":2,"5":1,"6":1,"7":1,"8":1},"f":{"0":3},"b":{"0":[1,1]},"_coverageSchema":"1a1c01bbd47fc00a2c39e90264f33305004495a9","hash":"944ae024a64d9a8d6978b6b7ddb62584695e1740"}
,"D:\\portofolio\\latihan\\mini-projek\\login-logout\\src\\validation\\user-validation.js": {"path":"D:\\portofolio\\latihan\\mini-projek\\login-logout\\src\\validation\\user-validation.js","statementMap":{"0":{"start":{"line":3,"column":29},"end":{"line":10,"column":2}}},"fnMap":{},"branchMap":{},"s":{"0":1},"f":{},"b":{},"_coverageSchema":"1a1c01bbd47fc00a2c39e90264f33305004495a9","hash":"d3eb78ae7d43f197f8f1d3901d60c00f113d2e9a"}
,"D:\\portofolio\\latihan\\mini-projek\\login-logout\\src\\validation\\validate.js": {"path":"D:\\portofolio\\latihan\\mini-projek\\login-logout\\src\\validation\\validate.js","statementMap":{"0":{"start":{"line":3,"column":24},"end":{"line":14,"column":1}},"1":{"start":{"line":4,"column":17},"end":{"line":7,"column":4}},"2":{"start":{"line":9,"column":2},"end":{"line":13,"column":3}},"3":{"start":{"line":10,"column":4},"end":{"line":10,"column":55}},"4":{"start":{"line":12,"column":4},"end":{"line":12,"column":24}}},"fnMap":{"0":{"name":"(anonymous_0)","decl":{"start":{"line":3,"column":24},"end":{"line":3,"column":25}},"loc":{"start":{"line":3,"column":45},"end":{"line":14,"column":1}},"line":3}},"branchMap":{"0":{"loc":{"start":{"line":9,"column":2},"end":{"line":13,"column":3}},"type":"if","locations":[{"start":{"line":9,"column":2},"end":{"line":13,"column":3}},{"start":{"line":11,"column":9},"end":{"line":13,"column":3}}],"line":9}},"s":{"0":1,"1":3,"2":3,"3":1,"4":2},"f":{"0":3},"b":{"0":[1,2]},"_coverageSchema":"1a1c01bbd47fc00a2c39e90264f33305004495a9","hash":"0f8faad09f696164cc53c0667a86ca55aef10ee4"}
}
